{"C:\\Users\\Agustin\\Desktop\\repp_backend\\src\\Enum\\AgeBracket.ts": {"path":"C:\\Users\\Agustin\\Desktop\\repp_backend\\src\\Enum\\AgeBracket.ts","statementMap":{},"fnMap":{},"branchMap":{},"s":{},"f":{},"b":{},"_coverageSchema":"1a1c01bbd47fc00a2c39e90264f33305004495a9","hash":"4d1572768c9800acdc65f0f029569b690a821c51"}
,"C:\\Users\\Agustin\\Desktop\\repp_backend\\src\\Enum\\Sex.ts": {"path":"C:\\Users\\Agustin\\Desktop\\repp_backend\\src\\Enum\\Sex.ts","statementMap":{},"fnMap":{},"branchMap":{},"s":{},"f":{},"b":{},"_coverageSchema":"1a1c01bbd47fc00a2c39e90264f33305004495a9","hash":"fa1b26e19270070ac2ee0d6a64b5d36a79852d1d"}
,"C:\\Users\\Agustin\\Desktop\\repp_backend\\src\\Services\\ERCalculator.ts": {"path":"C:\\Users\\Agustin\\Desktop\\repp_backend\\src\\Services\\ERCalculator.ts","statementMap":{"0":{"start":{"line":15,"column":30},"end":{"line":20,"column":1}},"1":{"start":{"line":16,"column":2},"end":{"line":18,"column":3}},"2":{"start":{"line":17,"column":4},"end":{"line":17,"column":16}},"3":{"start":{"line":19,"column":2},"end":{"line":19,"column":15}},"4":{"start":{"line":23,"column":21},"end":{"line":36,"column":1}},"5":{"start":{"line":24,"column":30},"end":{"line":26,"column":57}},"6":{"start":{"line":28,"column":25},"end":{"line":28,"column":70}},"7":{"start":{"line":29,"column":29},"end":{"line":29,"column":74}},"8":{"start":{"line":31,"column":22},"end":{"line":33,"column":52}},"9":{"start":{"line":35,"column":2},"end":{"line":35,"column":13}},"10":{"start":{"line":39,"column":21},"end":{"line":42,"column":1}},"11":{"start":{"line":40,"column":22},"end":{"line":40,"column":64}},"12":{"start":{"line":41,"column":2},"end":{"line":41,"column":13}},"13":{"start":{"line":45,"column":21},"end":{"line":54,"column":1}},"14":{"start":{"line":46,"column":27},"end":{"line":47,"column":43}},"15":{"start":{"line":48,"column":27},"end":{"line":49,"column":43}},"16":{"start":{"line":51,"column":14},"end":{"line":52,"column":46}},"17":{"start":{"line":53,"column":2},"end":{"line":53,"column":13}},"18":{"start":{"line":57,"column":35},"end":{"line":66,"column":1}},"19":{"start":{"line":58,"column":31},"end":{"line":58,"column":79}},"20":{"start":{"line":59,"column":32},"end":{"line":59,"column":81}},"21":{"start":{"line":61,"column":27},"end":{"line":61,"column":75}},"22":{"start":{"line":62,"column":28},"end":{"line":62,"column":77}},"23":{"start":{"line":63,"column":25},"end":{"line":63,"column":91}},"24":{"start":{"line":65,"column":2},"end":{"line":65,"column":63}},"25":{"start":{"line":69,"column":35},"end":{"line":80,"column":1}},"26":{"start":{"line":70,"column":23},"end":{"line":70,"column":84}},"27":{"start":{"line":72,"column":31},"end":{"line":72,"column":83}},"28":{"start":{"line":73,"column":32},"end":{"line":73,"column":84}},"29":{"start":{"line":75,"column":27},"end":{"line":75,"column":75}},"30":{"start":{"line":76,"column":28},"end":{"line":76,"column":77}},"31":{"start":{"line":77,"column":25},"end":{"line":77,"column":91}},"32":{"start":{"line":79,"column":2},"end":{"line":79,"column":63}},"33":{"start":{"line":82,"column":31},"end":{"line":92,"column":1}},"34":{"start":{"line":83,"column":22},"end":{"line":83,"column":78}},"35":{"start":{"line":85,"column":54},"end":{"line":89,"column":3}},"36":{"start":{"line":91,"column":2},"end":{"line":91,"column":26}},"37":{"start":{"line":94,"column":27},"end":{"line":107,"column":1}},"38":{"start":{"line":95,"column":22},"end":{"line":98,"column":13}},"39":{"start":{"line":100,"column":54},"end":{"line":104,"column":3}},"40":{"start":{"line":106,"column":2},"end":{"line":106,"column":26}},"41":{"start":{"line":110,"column":28},"end":{"line":127,"column":1}},"42":{"start":{"line":112,"column":2},"end":{"line":116,"column":3}},"43":{"start":{"line":113,"column":4},"end":{"line":113,"column":36}},"44":{"start":{"line":115,"column":4},"end":{"line":115,"column":53}},"45":{"start":{"line":118,"column":22},"end":{"line":118,"column":37}},"46":{"start":{"line":120,"column":54},"end":{"line":124,"column":3}},"47":{"start":{"line":126,"column":2},"end":{"line":126,"column":26}},"48":{"start":{"line":130,"column":29},"end":{"line":161,"column":1}},"49":{"start":{"line":133,"column":2},"end":{"line":138,"column":3}},"50":{"start":{"line":134,"column":4},"end":{"line":134,"column":36}},"51":{"start":{"line":136,"column":4},"end":{"line":136,"column":38}},"52":{"start":{"line":137,"column":4},"end":{"line":137,"column":46}},"53":{"start":{"line":140,"column":28},"end":{"line":140,"column":37}},"54":{"start":{"line":144,"column":2},"end":{"line":152,"column":3}},"55":{"start":{"line":145,"column":4},"end":{"line":151,"column":5}},"56":{"start":{"line":146,"column":6},"end":{"line":146,"column":38}},"57":{"start":{"line":147,"column":11},"end":{"line":151,"column":5}},"58":{"start":{"line":148,"column":6},"end":{"line":148,"column":97}},"59":{"start":{"line":150,"column":6},"end":{"line":150,"column":90}},"60":{"start":{"line":154,"column":54},"end":{"line":158,"column":3}},"61":{"start":{"line":160,"column":2},"end":{"line":160,"column":26}},"62":{"start":{"line":164,"column":29},"end":{"line":195,"column":1}},"63":{"start":{"line":167,"column":2},"end":{"line":172,"column":3}},"64":{"start":{"line":168,"column":4},"end":{"line":168,"column":36}},"65":{"start":{"line":170,"column":4},"end":{"line":170,"column":38}},"66":{"start":{"line":171,"column":4},"end":{"line":171,"column":46}},"67":{"start":{"line":174,"column":28},"end":{"line":174,"column":37}},"68":{"start":{"line":178,"column":2},"end":{"line":186,"column":3}},"69":{"start":{"line":179,"column":4},"end":{"line":185,"column":5}},"70":{"start":{"line":180,"column":6},"end":{"line":180,"column":38}},"71":{"start":{"line":181,"column":11},"end":{"line":185,"column":5}},"72":{"start":{"line":182,"column":6},"end":{"line":182,"column":97}},"73":{"start":{"line":184,"column":6},"end":{"line":184,"column":90}},"74":{"start":{"line":188,"column":54},"end":{"line":192,"column":3}},"75":{"start":{"line":194,"column":2},"end":{"line":194,"column":26}},"76":{"start":{"line":198,"column":29},"end":{"line":217,"column":1}},"77":{"start":{"line":201,"column":2},"end":{"line":206,"column":3}},"78":{"start":{"line":202,"column":4},"end":{"line":202,"column":36}},"79":{"start":{"line":204,"column":4},"end":{"line":204,"column":38}},"80":{"start":{"line":205,"column":4},"end":{"line":205,"column":46}},"81":{"start":{"line":208,"column":30},"end":{"line":208,"column":39}},"82":{"start":{"line":210,"column":54},"end":{"line":214,"column":3}},"83":{"start":{"line":216,"column":2},"end":{"line":216,"column":26}},"84":{"start":{"line":220,"column":20},"end":{"line":300,"column":1}},"85":{"start":{"line":221,"column":22},"end":{"line":221,"column":23}},"86":{"start":{"line":222,"column":25},"end":{"line":222,"column":26}},"87":{"start":{"line":224,"column":52},"end":{"line":224,"column":54}},"88":{"start":{"line":226,"column":2},"end":{"line":286,"column":5}},"89":{"start":{"line":227,"column":4},"end":{"line":227,"column":38}},"90":{"start":{"line":229,"column":4},"end":{"line":283,"column":5}},"91":{"start":{"line":242,"column":8},"end":{"line":242,"column":65}},"92":{"start":{"line":243,"column":8},"end":{"line":243,"column":14}},"93":{"start":{"line":250,"column":8},"end":{"line":250,"column":61}},"94":{"start":{"line":251,"column":8},"end":{"line":251,"column":14}},"95":{"start":{"line":265,"column":8},"end":{"line":265,"column":68}},"96":{"start":{"line":266,"column":8},"end":{"line":266,"column":14}},"97":{"start":{"line":269,"column":8},"end":{"line":269,"column":69}},"98":{"start":{"line":270,"column":8},"end":{"line":270,"column":14}},"99":{"start":{"line":273,"column":8},"end":{"line":273,"column":69}},"100":{"start":{"line":274,"column":8},"end":{"line":274,"column":14}},"101":{"start":{"line":277,"column":8},"end":{"line":277,"column":69}},"102":{"start":{"line":278,"column":8},"end":{"line":278,"column":14}},"103":{"start":{"line":281,"column":8},"end":{"line":281,"column":81}},"104":{"start":{"line":284,"column":4},"end":{"line":284,"column":47}},"105":{"start":{"line":285,"column":4},"end":{"line":285,"column":40}},"106":{"start":{"line":288,"column":40},"end":{"line":292,"column":3}},"107":{"start":{"line":294,"column":37},"end":{"line":297,"column":3}},"108":{"start":{"line":299,"column":2},"end":{"line":299,"column":16}}},"fnMap":{"0":{"name":"(anonymous_0)","decl":{"start":{"line":15,"column":30},"end":{"line":15,"column":31}},"loc":{"start":{"line":15,"column":110},"end":{"line":20,"column":1}},"line":15},"1":{"name":"(anonymous_1)","decl":{"start":{"line":23,"column":21},"end":{"line":23,"column":22}},"loc":{"start":{"line":23,"column":86},"end":{"line":36,"column":1}},"line":23},"2":{"name":"(anonymous_2)","decl":{"start":{"line":39,"column":21},"end":{"line":39,"column":22}},"loc":{"start":{"line":39,"column":68},"end":{"line":42,"column":1}},"line":39},"3":{"name":"(anonymous_3)","decl":{"start":{"line":45,"column":21},"end":{"line":45,"column":22}},"loc":{"start":{"line":45,"column":70},"end":{"line":54,"column":1}},"line":45},"4":{"name":"(anonymous_4)","decl":{"start":{"line":57,"column":35},"end":{"line":57,"column":36}},"loc":{"start":{"line":57,"column":125},"end":{"line":66,"column":1}},"line":57},"5":{"name":"(anonymous_5)","decl":{"start":{"line":69,"column":35},"end":{"line":69,"column":36}},"loc":{"start":{"line":69,"column":108},"end":{"line":80,"column":1}},"line":69},"6":{"name":"(anonymous_6)","decl":{"start":{"line":82,"column":31},"end":{"line":82,"column":32}},"loc":{"start":{"line":82,"column":97},"end":{"line":92,"column":1}},"line":82},"7":{"name":"(anonymous_7)","decl":{"start":{"line":94,"column":27},"end":{"line":94,"column":28}},"loc":{"start":{"line":94,"column":93},"end":{"line":107,"column":1}},"line":94},"8":{"name":"(anonymous_8)","decl":{"start":{"line":110,"column":28},"end":{"line":110,"column":29}},"loc":{"start":{"line":110,"column":111},"end":{"line":127,"column":1}},"line":110},"9":{"name":"(anonymous_9)","decl":{"start":{"line":130,"column":29},"end":{"line":130,"column":30}},"loc":{"start":{"line":130,"column":112},"end":{"line":161,"column":1}},"line":130},"10":{"name":"(anonymous_10)","decl":{"start":{"line":164,"column":29},"end":{"line":164,"column":30}},"loc":{"start":{"line":164,"column":112},"end":{"line":195,"column":1}},"line":164},"11":{"name":"(anonymous_11)","decl":{"start":{"line":198,"column":29},"end":{"line":198,"column":30}},"loc":{"start":{"line":198,"column":112},"end":{"line":217,"column":1}},"line":198},"12":{"name":"(anonymous_12)","decl":{"start":{"line":220,"column":20},"end":{"line":220,"column":21}},"loc":{"start":{"line":220,"column":103},"end":{"line":300,"column":1}},"line":220},"13":{"name":"(anonymous_13)","decl":{"start":{"line":226,"column":26},"end":{"line":226,"column":27}},"loc":{"start":{"line":226,"column":65},"end":{"line":286,"column":3}},"line":226}},"branchMap":{"0":{"loc":{"start":{"line":16,"column":2},"end":{"line":18,"column":3}},"type":"if","locations":[{"start":{"line":16,"column":2},"end":{"line":18,"column":3}},{"start":{"line":16,"column":2},"end":{"line":18,"column":3}}],"line":16},"1":{"loc":{"start":{"line":112,"column":2},"end":{"line":116,"column":3}},"type":"if","locations":[{"start":{"line":112,"column":2},"end":{"line":116,"column":3}},{"start":{"line":112,"column":2},"end":{"line":116,"column":3}}],"line":112},"2":{"loc":{"start":{"line":133,"column":2},"end":{"line":138,"column":3}},"type":"if","locations":[{"start":{"line":133,"column":2},"end":{"line":138,"column":3}},{"start":{"line":133,"column":2},"end":{"line":138,"column":3}}],"line":133},"3":{"loc":{"start":{"line":144,"column":2},"end":{"line":152,"column":3}},"type":"if","locations":[{"start":{"line":144,"column":2},"end":{"line":152,"column":3}},{"start":{"line":144,"column":2},"end":{"line":152,"column":3}}],"line":144},"4":{"loc":{"start":{"line":145,"column":4},"end":{"line":151,"column":5}},"type":"if","locations":[{"start":{"line":145,"column":4},"end":{"line":151,"column":5}},{"start":{"line":145,"column":4},"end":{"line":151,"column":5}}],"line":145},"5":{"loc":{"start":{"line":147,"column":11},"end":{"line":151,"column":5}},"type":"if","locations":[{"start":{"line":147,"column":11},"end":{"line":151,"column":5}},{"start":{"line":147,"column":11},"end":{"line":151,"column":5}}],"line":147},"6":{"loc":{"start":{"line":167,"column":2},"end":{"line":172,"column":3}},"type":"if","locations":[{"start":{"line":167,"column":2},"end":{"line":172,"column":3}},{"start":{"line":167,"column":2},"end":{"line":172,"column":3}}],"line":167},"7":{"loc":{"start":{"line":178,"column":2},"end":{"line":186,"column":3}},"type":"if","locations":[{"start":{"line":178,"column":2},"end":{"line":186,"column":3}},{"start":{"line":178,"column":2},"end":{"line":186,"column":3}}],"line":178},"8":{"loc":{"start":{"line":179,"column":4},"end":{"line":185,"column":5}},"type":"if","locations":[{"start":{"line":179,"column":4},"end":{"line":185,"column":5}},{"start":{"line":179,"column":4},"end":{"line":185,"column":5}}],"line":179},"9":{"loc":{"start":{"line":181,"column":11},"end":{"line":185,"column":5}},"type":"if","locations":[{"start":{"line":181,"column":11},"end":{"line":185,"column":5}},{"start":{"line":181,"column":11},"end":{"line":185,"column":5}}],"line":181},"10":{"loc":{"start":{"line":201,"column":2},"end":{"line":206,"column":3}},"type":"if","locations":[{"start":{"line":201,"column":2},"end":{"line":206,"column":3}},{"start":{"line":201,"column":2},"end":{"line":206,"column":3}}],"line":201},"11":{"loc":{"start":{"line":229,"column":4},"end":{"line":283,"column":5}},"type":"switch","locations":[{"start":{"line":230,"column":6},"end":{"line":230,"column":25}},{"start":{"line":231,"column":6},"end":{"line":231,"column":25}},{"start":{"line":232,"column":6},"end":{"line":232,"column":25}},{"start":{"line":233,"column":6},"end":{"line":233,"column":25}},{"start":{"line":234,"column":6},"end":{"line":234,"column":25}},{"start":{"line":235,"column":6},"end":{"line":235,"column":25}},{"start":{"line":236,"column":6},"end":{"line":236,"column":25}},{"start":{"line":237,"column":6},"end":{"line":237,"column":25}},{"start":{"line":238,"column":6},"end":{"line":238,"column":25}},{"start":{"line":239,"column":6},"end":{"line":239,"column":25}},{"start":{"line":240,"column":6},"end":{"line":240,"column":26}},{"start":{"line":241,"column":6},"end":{"line":244,"column":7}},{"start":{"line":245,"column":6},"end":{"line":245,"column":25}},{"start":{"line":246,"column":6},"end":{"line":246,"column":25}},{"start":{"line":247,"column":6},"end":{"line":247,"column":25}},{"start":{"line":248,"column":6},"end":{"line":248,"column":25}},{"start":{"line":249,"column":6},"end":{"line":252,"column":7}},{"start":{"line":253,"column":6},"end":{"line":253,"column":25}},{"start":{"line":254,"column":6},"end":{"line":254,"column":25}},{"start":{"line":255,"column":6},"end":{"line":255,"column":25}},{"start":{"line":256,"column":6},"end":{"line":256,"column":25}},{"start":{"line":257,"column":6},"end":{"line":257,"column":26}},{"start":{"line":258,"column":6},"end":{"line":258,"column":26}},{"start":{"line":259,"column":6},"end":{"line":259,"column":26}},{"start":{"line":260,"column":6},"end":{"line":260,"column":26}},{"start":{"line":261,"column":6},"end":{"line":261,"column":26}},{"start":{"line":262,"column":6},"end":{"line":262,"column":26}},{"start":{"line":263,"column":6},"end":{"line":263,"column":26}},{"start":{"line":264,"column":6},"end":{"line":267,"column":7}},{"start":{"line":268,"column":6},"end":{"line":271,"column":7}},{"start":{"line":272,"column":6},"end":{"line":275,"column":7}},{"start":{"line":276,"column":6},"end":{"line":279,"column":7}},{"start":{"line":280,"column":6},"end":{"line":282,"column":7}}],"line":229}},"s":{"0":1,"1":4,"2":3,"3":1,"4":1,"5":5,"6":5,"7":5,"8":5,"9":5,"10":1,"11":11,"12":11,"13":1,"14":11,"15":11,"16":11,"17":11,"18":1,"19":6,"20":6,"21":6,"22":6,"23":6,"24":6,"25":1,"26":2,"27":2,"28":2,"29":2,"30":2,"31":2,"32":2,"33":1,"34":2,"35":2,"36":2,"37":1,"38":2,"39":2,"40":2,"41":1,"42":3,"43":1,"44":2,"45":2,"46":2,"47":2,"48":1,"49":4,"50":1,"51":3,"52":3,"53":3,"54":3,"55":2,"56":1,"57":1,"58":1,"59":0,"60":2,"61":2,"62":1,"63":4,"64":1,"65":3,"66":3,"67":3,"68":3,"69":2,"70":1,"71":1,"72":1,"73":0,"74":2,"75":2,"76":1,"77":3,"78":1,"79":2,"80":2,"81":2,"82":2,"83":2,"84":1,"85":0,"86":0,"87":0,"88":0,"89":0,"90":0,"91":0,"92":0,"93":0,"94":0,"95":0,"96":0,"97":0,"98":0,"99":0,"100":0,"101":0,"102":0,"103":0,"104":0,"105":0,"106":0,"107":0,"108":0},"f":{"0":4,"1":5,"2":11,"3":11,"4":6,"5":2,"6":2,"7":2,"8":3,"9":4,"10":4,"11":3,"12":0,"13":0},"b":{"0":[3,1],"1":[1,2],"2":[1,3],"3":[2,1],"4":[1,1],"5":[1,0],"6":[1,3],"7":[2,1],"8":[1,1],"9":[1,0],"10":[1,2],"11":[0,0,0,0,0,0,0,0,0,0,0,0,0,0,0,0,0,0,0,0,0,0,0,0,0,0,0,0,0,0,0,0,0]},"_coverageSchema":"1a1c01bbd47fc00a2c39e90264f33305004495a9","hash":"b097bc14cc9b65777b3ff72a3996f7fee6258a50"}
,"C:\\Users\\Agustin\\Desktop\\repp_backend\\src\\Services\\ParserService.ts": {"path":"C:\\Users\\Agustin\\Desktop\\repp_backend\\src\\Services\\ParserService.ts","statementMap":{"0":{"start":{"line":162,"column":20},"end":{"line":174,"column":1}},"1":{"start":{"line":163,"column":32},"end":{"line":163,"column":34}},"2":{"start":{"line":164,"column":2},"end":{"line":172,"column":5}},"3":{"start":{"line":165,"column":28},"end":{"line":170,"column":5}},"4":{"start":{"line":171,"column":4},"end":{"line":171,"column":26}},"5":{"start":{"line":173,"column":2},"end":{"line":173,"column":19}},"6":{"start":{"line":176,"column":21},"end":{"line":184,"column":1}},"7":{"start":{"line":177,"column":33},"end":{"line":182,"column":3}},"8":{"start":{"line":183,"column":2},"end":{"line":183,"column":18}}},"fnMap":{"0":{"name":"(anonymous_0)","decl":{"start":{"line":162,"column":20},"end":{"line":162,"column":21}},"loc":{"start":{"line":162,"column":60},"end":{"line":174,"column":1}},"line":162},"1":{"name":"(anonymous_1)","decl":{"start":{"line":164,"column":17},"end":{"line":164,"column":18}},"loc":{"start":{"line":164,"column":45},"end":{"line":172,"column":3}},"line":164},"2":{"name":"(anonymous_2)","decl":{"start":{"line":176,"column":21},"end":{"line":176,"column":22}},"loc":{"start":{"line":176,"column":56},"end":{"line":184,"column":1}},"line":176}},"branchMap":{},"s":{"0":1,"1":0,"2":0,"3":0,"4":0,"5":0,"6":1,"7":12,"8":12},"f":{"0":0,"1":0,"2":12},"b":{},"_coverageSchema":"1a1c01bbd47fc00a2c39e90264f33305004495a9","hash":"328b4ec746ba2767071ea49b7d3eb3eece8ff87f"}
}
