TN:
SF:src\Enum\AgeBracket.ts
FNF:0
FNH:0
LF:0
LH:0
BRF:0
BRH:0
end_of_record
TN:
SF:src\Enum\Sex.ts
FNF:0
FNH:0
LF:0
LH:0
BRF:0
BRH:0
end_of_record
TN:
SF:src\Services\ERCalculator.ts
FN:15,(anonymous_0)
FN:23,(anonymous_1)
FN:39,(anonymous_2)
FN:45,(anonymous_3)
FN:57,(anonymous_4)
FN:69,(anonymous_5)
FN:82,(anonymous_6)
FN:94,(anonymous_7)
FN:110,(anonymous_8)
FN:130,(anonymous_9)
FN:164,(anonymous_10)
FN:198,(anonymous_11)
FN:220,(anonymous_12)
FN:226,(anonymous_13)
FNF:14
FNH:12
FNDA:4,(anonymous_0)
FNDA:5,(anonymous_1)
FNDA:11,(anonymous_2)
FNDA:11,(anonymous_3)
FNDA:6,(anonymous_4)
FNDA:2,(anonymous_5)
FNDA:2,(anonymous_6)
FNDA:2,(anonymous_7)
FNDA:3,(anonymous_8)
FNDA:4,(anonymous_9)
FNDA:4,(anonymous_10)
FNDA:3,(anonymous_11)
FNDA:0,(anonymous_12)
FNDA:0,(anonymous_13)
DA:15,1
DA:16,4
DA:17,3
DA:19,1
DA:23,1
DA:24,5
DA:28,5
DA:29,5
DA:31,5
DA:35,5
DA:39,1
DA:40,11
DA:41,11
DA:45,1
DA:46,11
DA:48,11
DA:51,11
DA:53,11
DA:57,1
DA:58,6
DA:59,6
DA:61,6
DA:62,6
DA:63,6
DA:65,6
DA:69,1
DA:70,2
DA:72,2
DA:73,2
DA:75,2
DA:76,2
DA:77,2
DA:79,2
DA:82,1
DA:83,2
DA:85,2
DA:91,2
DA:94,1
DA:95,2
DA:100,2
DA:106,2
DA:110,1
DA:112,3
DA:113,1
DA:115,2
DA:118,2
DA:120,2
DA:126,2
DA:130,1
DA:133,4
DA:134,1
DA:136,3
DA:137,3
DA:140,3
DA:144,3
DA:145,2
DA:146,1
DA:147,1
DA:148,1
DA:150,0
DA:154,2
DA:160,2
DA:164,1
DA:167,4
DA:168,1
DA:170,3
DA:171,3
DA:174,3
DA:178,3
DA:179,2
DA:180,1
DA:181,1
DA:182,1
DA:184,0
DA:188,2
DA:194,2
DA:198,1
DA:201,3
DA:202,1
DA:204,2
DA:205,2
DA:208,2
DA:210,2
DA:216,2
DA:220,1
DA:221,0
DA:222,0
DA:224,0
DA:226,0
DA:227,0
DA:229,0
DA:242,0
DA:243,0
DA:250,0
DA:251,0
DA:265,0
DA:266,0
DA:269,0
DA:270,0
DA:273,0
DA:274,0
DA:277,0
DA:278,0
DA:281,0
DA:284,0
DA:285,0
DA:288,0
DA:294,0
DA:299,0
LF:109
LH:83
BRDA:16,0,0,3
BRDA:16,0,1,1
BRDA:112,1,0,1
BRDA:112,1,1,2
BRDA:133,2,0,1
BRDA:133,2,1,3
BRDA:144,3,0,2
BRDA:144,3,1,1
BRDA:145,4,0,1
BRDA:145,4,1,1
BRDA:147,5,0,1
BRDA:147,5,1,0
BRDA:167,6,0,1
BRDA:167,6,1,3
BRDA:178,7,0,2
BRDA:178,7,1,1
BRDA:179,8,0,1
BRDA:179,8,1,1
BRDA:181,9,0,1
BRDA:181,9,1,0
BRDA:201,10,0,1
BRDA:201,10,1,2
BRDA:229,11,0,0
BRDA:229,11,1,0
BRDA:229,11,2,0
BRDA:229,11,3,0
BRDA:229,11,4,0
BRDA:229,11,5,0
BRDA:229,11,6,0
BRDA:229,11,7,0
BRDA:229,11,8,0
BRDA:229,11,9,0
BRDA:229,11,10,0
BRDA:229,11,11,0
BRDA:229,11,12,0
BRDA:229,11,13,0
BRDA:229,11,14,0
BRDA:229,11,15,0
BRDA:229,11,16,0
BRDA:229,11,17,0
BRDA:229,11,18,0
BRDA:229,11,19,0
BRDA:229,11,20,0
BRDA:229,11,21,0
BRDA:229,11,22,0
BRDA:229,11,23,0
BRDA:229,11,24,0
BRDA:229,11,25,0
BRDA:229,11,26,0
BRDA:229,11,27,0
BRDA:229,11,28,0
BRDA:229,11,29,0
BRDA:229,11,30,0
BRDA:229,11,31,0
BRDA:229,11,32,0
BRF:55
BRH:20
end_of_record
TN:
SF:src\Services\ParserService.ts
FN:162,(anonymous_0)
FN:164,(anonymous_1)
FN:176,(anonymous_2)
FNF:3
FNH:1
FNDA:0,(anonymous_0)
FNDA:0,(anonymous_1)
FNDA:12,(anonymous_2)
DA:162,1
DA:163,0
DA:164,0
DA:165,0
DA:171,0
DA:173,0
DA:176,1
DA:177,12
DA:183,12
LF:9
LH:4
BRF:0
BRH:0
end_of_record
